<?xml version="1.0" encoding="UTF-8"?>
<!-- Generated by org.testng.reporters.JUnitReportReporter -->
<testsuite hostname="DESKTOP-10G1S0V" failures="0" tests="3" name="SeleniumLevel1.AutomationChallenge.StandAloneTest" time="175.098" errors="0" timestamp="2024-10-06T11:15:09 IST" skipped="0">
  <testcase classname="SeleniumLevel1.AutomationChallenge.StandAloneTest" name="editRow" time="58.823"/>
  <testcase classname="SeleniumLevel1.AutomationChallenge.StandAloneTest" name="StandaloneTest" time="56.608"/>
  <testcase classname="SeleniumLevel1.AutomationChallenge.StandAloneTest" name="StandaloneTest" time="59.667"/>
</testsuite> <!-- SeleniumLevel1.AutomationChallenge.StandAloneTest -->
